browserType.launch: 
╔══════════════════════════════════════════════════════╗
║ Host system is missing dependencies to run browsers. ║
║ Missing libraries:                                   ║
║     libgstcodecparsers-1.0.so.0                      ║
║     libflite.so.1                                    ║
║     libflite_usenglish.so.1                          ║
║     libflite_cmu_grapheme_lang.so.1                  ║
║     libflite_cmu_grapheme_lex.so.1                   ║
║     libflite_cmu_indic_lang.so.1                     ║
║     libflite_cmu_indic_lex.so.1                      ║
║     libflite_cmulex.so.1                             ║
║     libflite_cmu_time_awb.so.1                       ║
║     libflite_cmu_us_awb.so.1                         ║
║     libflite_cmu_us_kal16.so.1                       ║
║     libflite_cmu_us_kal.so.1                         ║
║     libflite_cmu_us_rms.so.1                         ║
║     libflite_cmu_us_slt.so.1                         ║
║     libavif.so.13                                    ║
║     libx264.so                                       ║
╚══════════════════════════════════════════════════════╝
    at runBrowserCheck (/home/oleh/work/bite-ts/scripts/env-smoke/web/runtime-check.mjs:123:35)
    at runBrowserCheckWithRetry (/home/oleh/work/bite-ts/scripts/env-smoke/web/runtime-check.mjs:151:19)
    at main (/home/oleh/work/bite-ts/scripts/env-smoke/web/runtime-check.mjs:191:19)